*** Starting uWSGI 2.0.21 (64bit) on [Tue Mar  7 14:24:55 2023] ***
compiled with version: Clang 14.0.6 on 08 February 2023 14:12:12
os: Darwin-20.6.0 Darwin Kernel Version 20.6.0: Sun Nov  6 23:17:00 PST 2022; root:xnu-7195.141.46~1/RELEASE_X86_64
nodename: mbp
machine: x86_64
clock source: unix
pcre jit disabled
detected number of CPU cores: 8
current working directory: /Users/pau/projects/dbw/u217733/clustal_web_DBW
detected binary path: /Users/pau/mambaforge/envs/u217733/bin/uwsgi
your processes number limit is 2784
your memory page size is 4096 bytes
detected max file descriptor number: 256
lock engine: OSX spinlocks
thunder lock: disabled (you can enable it with --thunder-lock)
uwsgi socket 0 bound to UNIX address clustalo.sock fd 3
Python version: 3.10.9 | packaged by conda-forge | (main, Feb  2 2023, 20:24:27) [Clang 14.0.6 ]
*** Python threads support is disabled. You can enable it with --enable-threads ***
Python main interpreter initialized at 0x7fa1d1407140
your server socket listen backlog is limited to 100 connections
your mercy for graceful operations on workers is 60 seconds
mapped 145824 bytes (142 KB) for 1 cores
*** Operational MODE: single process ***
ModuleNotFoundError: No module named '/u217733/clustalo=/project/wsgi'
unable to load app 0 (mountpoint='') (callable not found or import error)
*** no app loaded. going in full dynamic mode ***
*** uWSGI is running in multiple interpreter mode ***
spawned uWSGI master process (pid: 96284)
spawned uWSGI worker 1 (pid: 96285, cores: 1)
SIGINT/SIGTERM received...killing workers...
worker 1 buried after 0 seconds
goodbye to uWSGI.
VACUUM: unix socket clustalo.sock removed.
*** Starting uWSGI 2.0.21 (64bit) on [Tue Mar  7 14:33:58 2023] ***
compiled with version: Clang 14.0.6 on 08 February 2023 14:12:12
os: Darwin-20.6.0 Darwin Kernel Version 20.6.0: Sun Nov  6 23:17:00 PST 2022; root:xnu-7195.141.46~1/RELEASE_X86_64
nodename: mbp
machine: x86_64
clock source: unix
pcre jit disabled
detected number of CPU cores: 8
current working directory: /Users/pau/projects/dbw/u217733/clustal_web_DBW
detected binary path: /Users/pau/mambaforge/envs/u217733/bin/uwsgi
your processes number limit is 2784
your memory page size is 4096 bytes
detected max file descriptor number: 256
lock engine: OSX spinlocks
thunder lock: disabled (you can enable it with --thunder-lock)
uwsgi socket 0 bound to UNIX address clustalo.sock fd 3
Python version: 3.10.9 | packaged by conda-forge | (main, Feb  2 2023, 20:24:27) [Clang 14.0.6 ]
*** Python threads support is disabled. You can enable it with --enable-threads ***
Python main interpreter initialized at 0x7fe210608150
your server socket listen backlog is limited to 100 connections
your mercy for graceful operations on workers is 60 seconds
mapped 145824 bytes (142 KB) for 1 cores
*** Operational MODE: single process ***
ModuleNotFoundError: No module named '/u217733/clustalo=project'
unable to load app 0 (mountpoint='') (callable not found or import error)
*** no app loaded. going in full dynamic mode ***
*** uWSGI is running in multiple interpreter mode ***
spawned uWSGI master process (pid: 96541)
spawned uWSGI worker 1 (pid: 96542, cores: 1)
--- no python application found, check your startup logs for errors ---
[pid: 96542|app: -1|req: -1/1] 127.0.0.1 () {56 vars in 1057 bytes} [Tue Mar  7 15:09:07 2023] GET / => generated 21 bytes in 6 msecs (HTTP/1.1 500) 2 headers in 83 bytes (0 switches on core 0)
--- no python application found, check your startup logs for errors ---
[pid: 96542|app: -1|req: -1/2] 127.0.0.1 () {54 vars in 1040 bytes} [Tue Mar  7 15:09:25 2023] GET /u217733 => generated 21 bytes in 0 msecs (HTTP/1.1 500) 2 headers in 83 bytes (0 switches on core 0)
--- no python application found, check your startup logs for errors ---
[pid: 96542|app: -1|req: -1/3] 127.0.0.1 () {58 vars in 1093 bytes} [Tue Mar  7 15:09:40 2023] GET /u217733 => generated 21 bytes in 0 msecs (HTTP/1.1 500) 2 headers in 83 bytes (0 switches on core 0)
--- no python application found, check your startup logs for errors ---
[pid: 96542|app: -1|req: -1/4] 127.0.0.1 () {56 vars in 1018 bytes} [Tue Mar  7 15:09:40 2023] GET /favicon.ico => generated 21 bytes in 0 msecs (HTTP/1.1 500) 2 headers in 83 bytes (0 switches on core 0)
--- no python application found, check your startup logs for errors ---
[pid: 96542|app: -1|req: -1/5] 127.0.0.1 () {54 vars in 1042 bytes} [Tue Mar  7 15:12:23 2023] GET /u217733/ => generated 21 bytes in 0 msecs (HTTP/1.1 500) 2 headers in 83 bytes (0 switches on core 0)
--- no python application found, check your startup logs for errors ---
[pid: 96542|app: -1|req: -1/6] 127.0.0.1 () {52 vars in 966 bytes} [Tue Mar  7 15:12:24 2023] GET /favicon.ico => generated 21 bytes in 0 msecs (HTTP/1.1 500) 2 headers in 83 bytes (0 switches on core 0)
--- no python application found, check your startup logs for errors ---
[pid: 96542|app: -1|req: -1/7] 127.0.0.1 () {58 vars in 1095 bytes} [Tue Mar  7 15:12:28 2023] GET /u217733/ => generated 21 bytes in 0 msecs (HTTP/1.1 500) 2 headers in 83 bytes (0 switches on core 0)
--- no python application found, check your startup logs for errors ---
[pid: 96542|app: -1|req: -1/8] 127.0.0.1 () {56 vars in 1019 bytes} [Tue Mar  7 15:12:28 2023] GET /favicon.ico => generated 21 bytes in 0 msecs (HTTP/1.1 500) 2 headers in 83 bytes (0 switches on core 0)
SIGINT/SIGTERM received...killing workers...
worker 1 buried after 1 seconds
goodbye to uWSGI.
VACUUM: unix socket clustalo.sock removed.
*** Starting uWSGI 2.0.21 (64bit) on [Tue Mar  7 15:16:28 2023] ***
compiled with version: Clang 14.0.6 on 08 February 2023 14:12:12
os: Darwin-20.6.0 Darwin Kernel Version 20.6.0: Sun Nov  6 23:17:00 PST 2022; root:xnu-7195.141.46~1/RELEASE_X86_64
nodename: mbp
machine: x86_64
clock source: unix
pcre jit disabled
detected number of CPU cores: 8
current working directory: /Users/pau/projects/dbw/u217733/clustal_web_DBW
detected binary path: /Users/pau/mambaforge/envs/u217733/bin/uwsgi
your processes number limit is 2784
your memory page size is 4096 bytes
detected max file descriptor number: 256
lock engine: OSX spinlocks
thunder lock: disabled (you can enable it with --thunder-lock)
uwsgi socket 0 bound to UNIX address clustalo.sock fd 3
Python version: 3.10.9 | packaged by conda-forge | (main, Feb  2 2023, 20:24:27) [Clang 14.0.6 ]
*** Python threads support is disabled. You can enable it with --enable-threads ***
Python main interpreter initialized at 0x7fe82b704cc0
your server socket listen backlog is limited to 100 connections
your mercy for graceful operations on workers is 60 seconds
mapped 145824 bytes (142 KB) for 1 cores
*** Operational MODE: single process ***
mounting project.wsgi:application on /u217733/clustalo
WSGI app 0 (mountpoint='/u217733/clustalo') ready in 4 seconds on interpreter 0x7fe82b704cc0 pid: 97621 (default app)
*** uWSGI is running in multiple interpreter mode ***
spawned uWSGI master process (pid: 97621)
spawned uWSGI worker 1 (pid: 97622, cores: 1)
Not Found: /u217733/
[pid: 97622|app: 0|req: 1/1] 127.0.0.1 () {60 vars in 1095 bytes} [Tue Mar  7 14:16:48 2023] GET /u217733/ => generated 2265 bytes in 657 msecs (HTTP/1.1 404) 6 headers in 215 bytes (1 switches on core 0)
Not Found: /favicon.ico
[pid: 97622|app: 0|req: 2/2] 127.0.0.1 () {58 vars in 1019 bytes} [Tue Mar  7 14:16:49 2023] GET /favicon.ico => generated 2274 bytes in 8 msecs (HTTP/1.1 404) 6 headers in 215 bytes (1 switches on core 0)
[pid: 97622|app: 0|req: 3/3] 127.0.0.1 () {56 vars in 1058 bytes} [Tue Mar  7 14:17:04 2023] GET /u217733/clustalo => generated 4688 bytes in 41 msecs (HTTP/1.1 200) 8 headers in 358 bytes (1 switches on core 0)
[pid: 97622|app: 0|req: 4/4] 127.0.0.1 () {62 vars in 1168 bytes} [Tue Mar  7 14:24:51 2023] GET /u217733/clustalo => generated 4688 bytes in 7 msecs (HTTP/1.1 200) 8 headers in 358 bytes (2 switches on core 0)
Not Found: /favicon.ico
[pid: 97622|app: 0|req: 5/5] 127.0.0.1 () {60 vars in 1084 bytes} [Tue Mar  7 14:24:51 2023] GET /favicon.ico => generated 2274 bytes in 10 msecs (HTTP/1.1 404) 6 headers in 215 bytes (1 switches on core 0)
[pid: 97622|app: 0|req: 6/6] 127.0.0.1 () {62 vars in 1168 bytes} [Tue Mar  7 14:46:35 2023] GET /u217733/clustalo => generated 4688 bytes in 7 msecs (HTTP/1.1 200) 8 headers in 358 bytes (1 switches on core 0)
SIGINT/SIGTERM received...killing workers...
worker 1 buried after 1 seconds
goodbye to uWSGI.
VACUUM: unix socket clustalo.sock removed.
*** Starting uWSGI 2.0.21 (64bit) on [Wed Mar  8 12:44:10 2023] ***
compiled with version: Clang 14.0.6 on 08 February 2023 14:12:12
os: Darwin-20.6.0 Darwin Kernel Version 20.6.0: Sun Nov  6 23:17:00 PST 2022; root:xnu-7195.141.46~1/RELEASE_X86_64
nodename: mbp.local
machine: x86_64
clock source: unix
pcre jit disabled
detected number of CPU cores: 8
current working directory: /Users/pau/projects/dbw/u217733/clustal_web_DBW
detected binary path: /Users/pau/mambaforge/envs/u217733/bin/uwsgi
your processes number limit is 2784
your memory page size is 4096 bytes
detected max file descriptor number: 256
lock engine: OSX spinlocks
thunder lock: disabled (you can enable it with --thunder-lock)
uwsgi socket 0 bound to UNIX address clustalo.sock fd 3
Python version: 3.10.9 | packaged by conda-forge | (main, Feb  2 2023, 20:24:27) [Clang 14.0.6 ]
*** Python threads support is disabled. You can enable it with --enable-threads ***
Python main interpreter initialized at 0x7fac93d08660
your server socket listen backlog is limited to 100 connections
your mercy for graceful operations on workers is 60 seconds
mapped 145824 bytes (142 KB) for 1 cores
*** Operational MODE: single process ***
mounting project.wsgi:application on /u217733/clustalo
WSGI app 0 (mountpoint='/u217733/clustalo') ready in 0 seconds on interpreter 0x7fac93d08660 pid: 4372 (default app)
*** uWSGI is running in multiple interpreter mode ***
spawned uWSGI master process (pid: 4372)
spawned uWSGI worker 1 (pid: 4373, cores: 1)
[pid: 4373|app: 0|req: 1/1] 127.0.0.1 () {58 vars in 1115 bytes} [Wed Mar  8 11:44:52 2023] GET /u217733/clustalo => generated 4688 bytes in 149 msecs (HTTP/1.1 200) 8 headers in 358 bytes (1 switches on core 0)
SIGINT/SIGTERM received...killing workers...
worker 1 buried after 1 seconds
goodbye to uWSGI.
VACUUM: unix socket clustalo.sock removed.
